#
# There is insufficient memory for the Java Runtime Environment to continue.
# Native memory allocation (mmap) failed to map 65011712 bytes for Failed to commit area from 0x00000000c2400000 to 0x00000000c6200000 of length 65011712.
# Possible reasons:
#   The system is out of physical RAM or swap space
#   The process is running with CompressedOops enabled, and the Java Heap may be blocking the growth of the native heap
# Possible solutions:
#   Reduce memory load on the system
#   Increase physical memory or swap space
#   Check if swap backing store is full
#   Decrease Java heap size (-Xmx/-Xms)
#   Decrease number of Java threads
#   Decrease Java thread stack sizes (-Xss)
#   Set larger code cache with -XX:ReservedCodeCacheSize=
# This output file may be truncated or incomplete.
#
#  Out of Memory Error (./open/src/hotspot/os/windows/os_windows.cpp:3275), pid=5792, tid=2008
#
# JRE version:  (11.0.8+10) (build )
# Java VM: Java HotSpot(TM) 64-Bit Server VM (11.0.8+10-LTS, mixed mode, sharing, tiered, compressed oops, g1 gc, windows-amd64)
# No core dump will be written. Minidumps are not enabled by default on client versions of Windows
#

---------------  S U M M A R Y ------------

Command Line: Ex5Frame

Host: Intel(R) Core(TM) i5-2450M CPU @ 2.50GHz, 4 cores, 3G,  Windows 10 , 64 bit Build 17763 (10.0.17763.475)
Time: Wed Mar  3 21:17:12 2021 Caiaaiay Aa?iia (ceia) elapsed time: 0 seconds (0d 0h 0m 0s)

---------------  T H R E A D  ---------------

Current thread (0x000001df45409000):  JavaThread "Unknown thread" [_thread_in_vm, id=2008, stack(0x00000021b8b00000,0x00000021b8c00000)]

Stack: [0x00000021b8b00000,0x00000021b8c00000]
Native frames: (J=compiled Java code, j=interpreted, Vv=VM code, C=native code)
V  [jvm.dll+0x601aea]
V  [jvm.dll+0x737fef]
V  [jvm.dll+0x739675]
V  [jvm.dll+0x739cf3]
V  [jvm.dll+0x242848]
V  [jvm.dll+0x5fef8a]
V  [jvm.dll+0x5f3eb5]
V  [jvm.dll+0x2f651c]
V  [jvm.dll+0x2f63a2]
V  [jvm.dll+0x2fb056]
V  [jvm.dll+0x33ce9f]
V  [jvm.dll+0x33c8d0]
V  [jvm.dll+0x2d4768]
V  [jvm.dll+0x2d58c6]
V  [jvm.dll+0x713e67]
V  [jvm.dll+0x71570f]
V  [jvm.dll+0x349c19]
V  [jvm.dll+0x6f97f0]
V  [jvm.dll+0x3b2a5f]
V  [jvm.dll+0x3b4e81]
C  [jli.dll+0x5213]
C  [ucrtbase.dll+0x2268a]
C  [KERNEL32.DLL+0x17974]
C  [ntdll.dll+0x5a2d1]


---------------  P R O C E S S  ---------------

Threads class SMR info:
_java_thread_list=0x000001df431b5b50, length=0, elements={
}

Java Threads: ( => current thread )

Other Threads:
  0x000001df4541e000 GCTaskThread "GC Thread#0" [stack: 0x00000021b8c00000,0x00000021b8d00000] [id=6048]
  0x000001df45439000 ConcurrentGCThread "G1 Main Marker" [stack: 0x00000021b8d00000,0x00000021b8e00000] [id=2000]
  0x000001df4543a800 ConcurrentGCThread "G1 Conc#0" [stack: 0x00000021b8e00000,0x00000021b8f00000] [id=9200]

[error occurred during error reporting (printing all threads), id 0xc0000005, EXCEPTION_ACCESS_VIOLATION (0xc0000005) at pc=0x00007ffbb2c62f67]

VM state:not at safepoint (not fully initialized)

VM Mutex/Monitor currently owned by a thread:  ([mutex/lock_event])
[0x000001df454066a0] Heap_lock - owner thread: 0x000001df45409000

Heap address: 0x00000000c2400000, size: 988 MB, Compressed Oops mode: Non-zero based: 0x00000000c2400000
Narrow klass base: 0x0000000000000000, Narrow klass shift: 0

GC Heap History (0 events):
No events

Deoptimization events (0 events):
No events

Classes redefined (0 events):
No events

Internal exceptions (0 events):
No events

Events (0 events):
No events


Dynamic libraries:
0x00007ff684f20000 - 0x00007ff684f2f000 	C:\Program Files\Java\jdk-11.0.8\bin\java.exe
0x00007ffbdbba0000 - 0x00007ffbdbd8c000 	C:\Windows\SYSTEM32\ntdll.dll
0x00007ffbdad00000 - 0x00007ffbdadb3000 	C:\Windows\System32\KERNEL32.DLL
0x00007ffbd8b30000 - 0x00007ffbd8dc4000 	C:\Windows\System32\KERNELBASE.dll
0x00007ffbd83c0000 - 0x00007ffbd84ba000 	C:\Windows\System32\ucrtbase.dll
0x00007ffbcb590000 - 0x00007ffbcb5a8000 	C:\Program Files\Java\jdk-11.0.8\bin\jli.dll
0x00007ffbd5830000 - 0x00007ffbd5845000 	C:\Program Files\Java\jdk-11.0.8\bin\VCRUNTIME140.dll
0x00007ffbdadc0000 - 0x00007ffbdae63000 	C:\Windows\System32\ADVAPI32.dll
0x00007ffbdaa70000 - 0x00007ffbdab0e000 	C:\Windows\System32\msvcrt.dll
0x00007ffbdb6e0000 - 0x00007ffbdb77f000 	C:\Windows\System32\sechost.dll
0x00007ffbda7a0000 - 0x00007ffbda8c0000 	C:\Windows\System32\RPCRT4.dll
0x00007ffbda3b0000 - 0x00007ffbda547000 	C:\Windows\System32\USER32.dll
0x00007ffbd8800000 - 0x00007ffbd8820000 	C:\Windows\System32\win32u.dll
0x00007ffbda710000 - 0x00007ffbda739000 	C:\Windows\System32\GDI32.dll
0x00007ffbd8560000 - 0x00007ffbd86fc000 	C:\Windows\System32\gdi32full.dll
0x00007ffbd8760000 - 0x00007ffbd8800000 	C:\Windows\System32\msvcp_win.dll
0x00007ffbc5490000 - 0x00007ffbc5709000 	C:\Windows\WinSxS\amd64_microsoft.windows.common-controls_6595b64144ccf1df_6.0.17763.1757_none_de724378534a71c4\COMCTL32.dll
0x00007ffbdb3b0000 - 0x00007ffbdb6de000 	C:\Windows\System32\combase.dll
0x00007ffbd8a00000 - 0x00007ffbd8a7f000 	C:\Windows\System32\bcryptPrimitives.dll
0x00007ffbd0650000 - 0x00007ffbd065a000 	C:\Windows\SYSTEM32\VERSION.dll
0x00007ffbda620000 - 0x00007ffbda64e000 	C:\Windows\System32\IMM32.DLL
0x00007ffbce870000 - 0x00007ffbce90b000 	C:\Program Files\Java\jdk-11.0.8\bin\msvcp140.dll
0x00007ffbb2980000 - 0x00007ffbb3466000 	C:\Program Files\Java\jdk-11.0.8\bin\server\jvm.dll
0x00007ffbdae70000 - 0x00007ffbdae78000 	C:\Windows\System32\PSAPI.DLL
0x00007ffbc72b0000 - 0x00007ffbc72b9000 	C:\Windows\SYSTEM32\WSOCK32.dll
0x00007ffbdb7f0000 - 0x00007ffbdb85d000 	C:\Windows\System32\WS2_32.dll
0x00007ffbd4510000 - 0x00007ffbd4534000 	C:\Windows\SYSTEM32\WINMM.dll
0x00007ffbd44e0000 - 0x00007ffbd450d000 	C:\Windows\SYSTEM32\WINMMBASE.dll
0x00007ffbd84e0000 - 0x00007ffbd852a000 	C:\Windows\System32\cfgmgr32.dll
0x00007ffbd7bf0000 - 0x00007ffbd7c01000 	C:\Windows\System32\kernel.appcore.dll
0x00007ffbd4150000 - 0x00007ffbd4160000 	C:\Program Files\Java\jdk-11.0.8\bin\verify.dll
0x00007ffbc6ed0000 - 0x00007ffbc70bd000 	C:\Windows\SYSTEM32\DBGHELP.DLL
0x00007ffbc6790000 - 0x00007ffbc67ba000 	C:\Windows\SYSTEM32\dbgcore.DLL
0x00007ffbd5800000 - 0x00007ffbd5828000 	C:\Program Files\Java\jdk-11.0.8\bin\java.dll
0x00007ffbd4140000 - 0x00007ffbd414a000 	C:\Program Files\Java\jdk-11.0.8\bin\jimage.dll
0x00007ffbd4120000 - 0x00007ffbd4136000 	C:\Program Files\Java\jdk-11.0.8\bin\zip.dll

dbghelp: loaded successfully - version: 4.0.5 - missing functions: none
symbol engine: initialized successfully - sym options: 0x614 - pdb path: .;C:\Program Files\Java\jdk-11.0.8\bin;C:\Windows\SYSTEM32;C:\Windows\WinSxS\amd64_microsoft.windows.common-controls_6595b64144ccf1df_6.0.17763.1757_none_de724378534a71c4;C:\Program Files\Java\jdk-11.0.8\bin\server

VM Arguments:
java_command: Ex5Frame
java_class_path (initial): C:\Users\Мои документы\Desktop\UNIPI\first semecter\Advanced Programming\HW\Assignment\Ex5\Ex5\target\classes
Launcher Type: SUN_STANDARD

[Global flags]
     intx CICompilerCount                          = 3                                         {product} {ergonomic}
     uint ConcGCThreads                            = 1                                         {product} {ergonomic}
     uint G1ConcRefinementThreads                  = 4                                         {product} {ergonomic}
   size_t G1HeapRegionSize                         = 1048576                                   {product} {ergonomic}
    uintx GCDrainStackTargetSize                   = 64                                        {product} {ergonomic}
   size_t InitialHeapSize                          = 65011712                                  {product} {ergonomic}
   size_t MarkStackSize                            = 4194304                                   {product} {ergonomic}
   size_t MaxHeapSize                              = 1035993088                                {product} {ergonomic}
   size_t MinHeapDeltaBytes                        = 1048576                                   {product} {ergonomic}
    uintx NonNMethodCodeHeapSize                   = 5830732                                {pd product} {ergonomic}
    uintx NonProfiledCodeHeapSize                  = 122913754                              {pd product} {ergonomic}
    uintx ProfiledCodeHeapSize                     = 122913754                              {pd product} {ergonomic}
    uintx ReservedCodeCacheSize                    = 251658240                              {pd product} {ergonomic}
     bool SegmentedCodeCache                       = true                                      {product} {ergonomic}
     bool UseCompressedClassPointers               = true                                 {lp64_product} {ergonomic}
     bool UseCompressedOops                        = true                                 {lp64_product} {ergonomic}
     bool UseG1GC                                  = true                                      {product} {ergonomic}
     bool UseLargePagesIndividualAllocation        = false                                  {pd product} {ergonomic}

Logging:
Log output configuration:
 #0: stdout all=warning uptime,level,tags
 #1: stderr all=off uptime,level,tags

Environment Variables:
JAVA_HOME=C:\Program Files\Java\jdk-11.0.8
PATH="C:\Program Files\Common Files\Oracle\Java\javapath;C:\Java\jdk-15.0.1\bin";C:\Program Files (x86)\Common Files\Oracle\Java\javapath;C:\Windows\system32;C:\Windows;C:\Windows\System32\Wbem;C:\Windows\System32\WindowsPowerShell\v1.0\;C:\Windows\System32\OpenSSH\;C:\Program Files\MATLAB\R2019a\runtime\win64;C:\Program Files\MATLAB\R2019a\bin;C:\Program Files\MATLAB\R2019a\polyspace\bin;C:\Program Files\Java\jdk-11.0.8\bin;C:\Program Files\dotnet\;C:\Program Files\Microsoft SQL Server\130\Tools\Binn\;C:\Program Files\Microsoft SQL Server\Client SDK\ODBC\170\Tools\Binn\;C:\ProgramData\chocolatey\bin;D:\Putty\;C:\Users\Мои документы\AppData\Local\Microsoft\WindowsApps;C:\Users\Мои документы\.dotnet\tools;C:\Users\Мои документы\AppData\Roaming\cabal\bin;C:\ProgramData\chocolatey\lib\ghc\tools\ghc-8.10.2\bin;
USERNAME=Мои документы
OS=Windows_NT
PROCESSOR_IDENTIFIER=Intel64 Family 6 Model 42 Stepping 7, GenuineIntel



---------------  S Y S T E M  ---------------

OS: Windows 10 , 64 bit Build 17763 (10.0.17763.475)

CPU:total 4 (initial active 4) (2 cores per cpu, 2 threads per core) family 6 model 42 stepping 7, cmov, cx8, fxsr, mmx, sse, sse2, sse3, ssse3, sse4.1, sse4.2, popcnt, avx, aes, clmul, ht, tsc, tscinvbit

Memory: 4k page, system-wide physical 3947M (235M free)
TotalPageFile size 4747M (AvailPageFile size 50M)
current process WorkingSet (physical memory assigned to process): 9M, peak: 9M
current process commit charge ("private bytes"): 51M, peak: 113M

vm_info: Java HotSpot(TM) 64-Bit Server VM (11.0.8+10-LTS) for windows-amd64 JRE (11.0.8+10-LTS), built on Jun 16 2020 05:53:08 by "mach5one" with unknown MS VC++:1916

END.
